  3.8.cpp
C:\Users\Валентина\Desktop\3.8\3.8\3.8.cpp(138,3): error C2360: пропуск инициализации "cityTo" из-за метки "case"
C:\Users\Валентина\Desktop\3.8\3.8\3.8.cpp(129): message : см. объявление "cityTo"
C:\Users\Валентина\Desktop\3.8\3.8\3.8.cpp(138,3): error C2360: пропуск инициализации "nameTo" из-за метки "case"
C:\Users\Валентина\Desktop\3.8\3.8\3.8.cpp(128): message : см. объявление "nameTo"
C:\Users\Валентина\Desktop\3.8\3.8\3.8.cpp(138,3): error C2360: пропуск инициализации "cityFrom" из-за метки "case"
C:\Users\Валентина\Desktop\3.8\3.8\3.8.cpp(127): message : см. объявление "cityFrom"
C:\Users\Валентина\Desktop\3.8\3.8\3.8.cpp(138,3): error C2360: пропуск инициализации "nameFrom" из-за метки "case"
C:\Users\Валентина\Desktop\3.8\3.8\3.8.cpp(126): message : см. объявление "nameFrom"
C:\Users\Валентина\Desktop\3.8\3.8\3.8.cpp(150,3): error C2360: пропуск инициализации "cityTo" из-за метки "case"
C:\Users\Валентина\Desktop\3.8\3.8\3.8.cpp(129): message : см. объявление "cityTo"
C:\Users\Валентина\Desktop\3.8\3.8\3.8.cpp(150,3): error C2360: пропуск инициализации "nameTo" из-за метки "case"
C:\Users\Валентина\Desktop\3.8\3.8\3.8.cpp(128): message : см. объявление "nameTo"
C:\Users\Валентина\Desktop\3.8\3.8\3.8.cpp(150,3): error C2360: пропуск инициализации "cityFrom" из-за метки "case"
C:\Users\Валентина\Desktop\3.8\3.8\3.8.cpp(127): message : см. объявление "cityFrom"
C:\Users\Валентина\Desktop\3.8\3.8\3.8.cpp(150,3): error C2360: пропуск инициализации "nameFrom" из-за метки "case"
C:\Users\Валентина\Desktop\3.8\3.8\3.8.cpp(126): message : см. объявление "nameFrom"
C:\Users\Валентина\Desktop\3.8\3.8\3.8.cpp(182,3): error C2360: пропуск инициализации "cityTo" из-за метки "case"
C:\Users\Валентина\Desktop\3.8\3.8\3.8.cpp(129): message : см. объявление "cityTo"
C:\Users\Валентина\Desktop\3.8\3.8\3.8.cpp(182,3): error C2360: пропуск инициализации "nameTo" из-за метки "case"
C:\Users\Валентина\Desktop\3.8\3.8\3.8.cpp(128): message : см. объявление "nameTo"
C:\Users\Валентина\Desktop\3.8\3.8\3.8.cpp(182,3): error C2360: пропуск инициализации "cityFrom" из-за метки "case"
C:\Users\Валентина\Desktop\3.8\3.8\3.8.cpp(127): message : см. объявление "cityFrom"
C:\Users\Валентина\Desktop\3.8\3.8\3.8.cpp(182,3): error C2360: пропуск инициализации "nameFrom" из-за метки "case"
C:\Users\Валентина\Desktop\3.8\3.8\3.8.cpp(126): message : см. объявление "nameFrom"
